{"message":"Unauthorized request to path: /api/noms","level":"error"}
{"message":"Unauthorized request to path: /api/noms","level":"error"}
{"message":"Unauthorized request to path: /api/noms","level":"error"}
{"message":"Unauthorized request to path: /api/noms","level":"error"}
{"message":"Unauthorized request to path: /api/noms","level":"error"}
{"message":"Unauthorized request to path: /api/noms","level":"error"}
{"message":"Unauthorized request to path: /api/noms","level":"error"}
{"message":"Unauthorized request to path: /api/noms","level":"error"}
{"message":"Unauthorized request to path: /api/noms/112","level":"error"}
{"message":"Unauthorized request to path: /api/noms/112","level":"error"}
{"message":"Unauthorized request to path: /api/noms","level":"error"}
{"message":"Unauthorized request to path: /api/noms","level":"error"}
{"message":"Unauthorized request to path: /api/noms","level":"error"}
{"message":"Unauthorized request to path: /api/noms","level":"error"}
{"message":"Unauthorized request to path: /api/noms","level":"error"}
{"message":"Unauthorized request to path: /api/noms","level":"error"}
{"message":"Unauthorized request to path: /api/noms","level":"error"}
{"message":"Unauthorized request to path: /api/noms","level":"error"}
{"message":"Unauthorized request to path: /api/noms","level":"error"}
{"message":"Unauthorized request to path: /api/noms","level":"error"}
{"message":"Unauthorized request to path: /api/noms","level":"error"}
{"message":"Unauthorized request to path: /api/noms","level":"error"}
{"message":"recipe_id is not defined","level":"error"}
{"message":"Unauthorized request to path: /api/noms","level":"error"}
{"message":"Unauthorized request to path: /api/noms/114","level":"error"}
{"message":"Unauthorized request to path: /api/noms","level":"error"}
{"message":"Unauthorized request to path: /api/noms/undefined","level":"error"}
{"message":"Unauthorized request to path: /api/noms/undefined","level":"error"}
{"message":"select * from \"noms\" where \"id\" = $1 limit $2 - invalid input syntax for type integer: \"undefined\"","level":"error"}
{"message":"Unauthorized request to path: /api/noms","level":"error"}
{"message":"Unauthorized request to path: /api/noms","level":"error"}
{"message":"Unauthorized request to path: /api/noms","level":"error"}
{"message":"Unauthorized request to path: /api/noms","level":"error"}
{"message":"Unauthorized request to path: /api/noms","level":"error"}
{"message":"Unauthorized request to path: /api/noms","level":"error"}
{"message":"Unauthorized request to path: /api/noms","level":"error"}
{"message":"Unauthorized request to path: /api/noms","level":"error"}
{"message":"Unauthorized request to path: /api/noms/1","level":"error"}
{"message":"Unauthorized request to path: /api/noms","level":"error"}
{"message":"Unauthorized request to path: /api/noms/113","level":"error"}
{"message":"Unauthorized request to path: /api/noms","level":"error"}
{"message":"Unauthorized request to path: /api/noms","level":"error"}
{"message":"Unauthorized request to path: /api/noms/115","level":"error"}
{"message":"Unauthorized request to path: /api/noms/116","level":"error"}
{"message":"Unauthorized request to path: /api/noms/116","level":"error"}
{"message":"sub is not defined","level":"error"}
{"message":"Unauthorized request to path: /api/noms/116","level":"error"}
{"message":"sub is not defined","level":"error"}
{"message":"Unauthorized request to path: /api/noms/116","level":"error"}
{"message":"sub is not defined","level":"error"}
{"message":"Unauthorized request to path: /api/noms/113","level":"error"}
{"message":"Unauthorized request to path: /api/noms/113","level":"error"}
{"message":"Unauthorized request to path: /api/noms/113","level":"error"}
{"message":"Unauthorized request to path: /api/noms/114","level":"error"}
{"message":"Unauthorized request to path: /api/noms","level":"error"}
{"message":"Unauthorized request to path: /api/noms/114","level":"error"}
{"message":"Unauthorized request to path: /api/noms/114","level":"error"}
{"message":"Unauthorized request to path: /api/noms/115","level":"error"}
{"message":"Unauthorized request to path: /api/noms/115","level":"error"}
{"message":"Unauthorized request to path: /api/noms","level":"error"}
{"message":"Unauthorized request to path: /api/noms/115","level":"error"}
{"message":"Unauthorized request to path: /api/noms/115","level":"error"}
{"message":"Unauthorized request to path: /api/noms/115","level":"error"}
{"message":"Unauthorized request to path: /api/noms/116","level":"error"}
{"message":"Unauthorized request to path: /api/noms","level":"error"}
